2021-12-29 10:00:48,189, INFO, login, Logging in with wnvpgxegqfvqzbftxd@bvhrk.com. Wants a  job in 
2021-12-29 10:00:51,957, ERROR, login, Invalid credentials!
2021-12-29 10:01:25,145, INFO, login, Logging in with wnvpgxegqfvqzbftxd@bvhrk.com. Wants a  job in 
2021-12-29 10:01:28,790, ERROR, login, Invalid credentials!
2021-12-29 10:06:25,442, INFO, login, Logging in with wnvpgxegqfvqzbftxd@bvhrk.com. Wants a  job in 
2021-12-29 10:06:29,230, ERROR, login, Invalid credentials!
2021-12-29 10:07:03,699, INFO, login, Logging in with wnvpgxegqfvqzbftxd@bvhrk.com. Wants a  job in 
2021-12-29 10:07:07,344, ERROR, login, Invalid credentials!
2021-12-29 10:08:25,788, INFO, login, Logging in with wnvpgxegqfvqzbftxd@bvhrk.com. Wants a  job in 
2021-12-29 10:08:29,406, ERROR, login, Invalid credentials!
2021-12-29 10:15:41,570, INFO, login, Logging in with hfzcvdfhzmfbqjaiap@kvhrr.com. Wants a Software job in UK
2021-12-29 10:15:45,219, INFO, login, Sucessfully logged in!
2021-12-29 10:16:37,624, INFO, login, Logging in with hfzcvdfhzmfbqjaiap@kvhrr.com. Wants a Software job in UK
2021-12-29 10:16:41,350, INFO, login, Sucessfully logged in!
2021-12-29 10:17:47,759, INFO, login, Logging in with hfzcvdfhzmfbqjaiap@kvhrr.com. Wants a Software job in UK
2021-12-29 10:17:51,389, INFO, login, Sucessfully logged in!
2021-12-29 10:19:05,336, INFO, login, Logging in with hfzcvdfhzmfbqjaiap@kvhrr.com. Wants a Software job in UK
2021-12-29 10:19:09,073, INFO, login, Sucessfully logged in!
2021-12-29 10:20:35,106, INFO, login, Logging in with hfzcvdfhzmfbqjaiap@kvhrr.com. Wants a Cleaner job in UK
2021-12-29 10:20:38,741, INFO, login, Sucessfully logged in!
2021-12-29 10:21:09,756, INFO, login, Logging in with hfzcvdfhzmfbqjaiap@kvhrr.com. Wants a Cleaner job in Wirral
2021-12-29 10:21:13,399, INFO, login, Sucessfully logged in!
2021-12-29 10:21:50,390, INFO, login, Logging in with hfzcvdfhzmfbqjaiap@kvhrr.com. Wants a Cleaner job in Wirral
2021-12-29 10:21:54,039, INFO, login, Sucessfully logged in!
2021-12-29 10:22:33,878, INFO, login, Logging in with hfzcvdfhzmfbqjaiap@kvhrr.com. Wants a Cleaner job in Wirral
2021-12-29 10:22:37,502, INFO, login, Sucessfully logged in!
